<?xml version="1.0" encoding="UTF-8" ?>
<testsuite tests="1" failures="0" name="testRunner.Testrunner" time="0.171" errors="0" skipped="0">
  <properties>
    <property name="JOB_NAME" value="CucumberfirstProject"/>
    <property name="java.vendor" value="Oracle Corporation"/>
    <property name="RUN_TESTS_DISPLAY_URL" value="http://localhost:8080/job/CucumberfirstProject/20/display/redirect?page=tests"/>
    <property name="sun.java.launcher" value="SUN_STANDARD"/>
    <property name="sun.management.compiler" value="HotSpot 64-Bit Tiered Compilers"/>
    <property name="JENKINS_HOME" value="/Users/mouli/.jenkins"/>
    <property name="PATH" value="/usr/bin:/bin:/usr/sbin:/sbin"/>
    <property name="HUDSON_SERVER_COOKIE" value="8ad98e32c84fcb46"/>
    <property name="POM_ARTIFACTID" value="SeleniumCucumberDevelopement"/>
    <property name="os.name" value="Mac OS X"/>
    <property name="EXECUTOR_NUMBER" value="1"/>
    <property name="java.vm.specification.vendor" value="Oracle Corporation"/>
    <property name="POM_DISPLAYNAME" value="SeleniumCucumberDevelopement"/>
    <property name="NODE_LABELS" value="master"/>
    <property name="java.runtime.version" value="16.0.1+9-24"/>
    <property name="user.name" value="mouli"/>
    <property name="guice.disable.misplaced.annotation.check" value="true"/>
    <property name="user.language" value="en"/>
    <property name="JOB_BASE_NAME" value="CucumberfirstProject"/>
    <property name="RUN_CHANGES_DISPLAY_URL" value="http://localhost:8080/job/CucumberfirstProject/20/display/redirect?page=changes"/>
    <property name="BUILD_DISPLAY_NAME" value="#20"/>
    <property name="TMPDIR" value="/var/folders/z_/lfcjd5dx14b5thzx9pqpyhkm0000gn/T/"/>
    <property name="sun.boot.library.path" value="/Library/Java/JavaVirtualMachines/jdk-16.0.1.jdk/Contents/Home/lib"/>
    <property name="java.vm.compressedOopsMode" value="Zero based"/>
    <property name="java.version" value="16.0.1"/>
    <property name="XPC_FLAGS" value="0x0"/>
    <property name="user.timezone" value="America/New_York"/>
    <property name="sun.arch.data.model" value="64"/>
    <property name="NODE_NAME" value="master"/>
    <property name="http.nonProxyHosts" value="local|*.local|169.254/16|*.169.254/16"/>
    <property name="BUILD_ID" value="20"/>
    <property name="sun.jnu.encoding" value="UTF-8"/>
    <property name="SHELL" value="/bin/bash"/>
    <property name="file.separator" value="/"/>
    <property name="java.specification.name" value="Java Platform API Specification"/>
    <property name="maven.conf" value="/Users/mouli/.jenkins/tools/hudson.tasks.Maven_MavenInstallation/apache-maven-3.8.1/conf"/>
    <property name="java.class.version" value="60.0"/>
    <property name="org.slf4j.simpleLogger.defaultLogLevel" value="info"/>
    <property name="user.country" value="US"/>
    <property name="java.home" value="/Library/Java/JavaVirtualMachines/jdk-16.0.1.jdk/Contents/Home"/>
    <property name="java.vm.info" value="mixed mode, sharing"/>
    <property name="os.version" value="11.3"/>
    <property name="RUN_DISPLAY_URL" value="http://localhost:8080/job/CucumberfirstProject/20/display/redirect"/>
    <property name="POM_VERSION" value="1.0-SNAPSHOT"/>
    <property name="sun.font.fontmanager" value="sun.font.CFontManager"/>
    <property name="path.separator" value=":"/>
    <property name="RUN_ARTIFACTS_DISPLAY_URL" value="http://localhost:8080/job/CucumberfirstProject/20/display/redirect?page=artifacts"/>
    <property name="java.vm.version" value="16.0.1+9-24"/>
    <property name="JOB_DISPLAY_URL" value="http://localhost:8080/job/CucumberfirstProject/display/redirect"/>
    <property name="sun.io.unicode.encoding" value="UnicodeBig"/>
    <property name="LOGNAME" value="mouli"/>
    <property name="POM_PACKAGING" value="jar"/>
    <property name="socksNonProxyHosts" value="local|*.local|169.254/16|*.169.254/16"/>
    <property name="HOME" value="/Users/mouli"/>
    <property name="ftp.nonProxyHosts" value="local|*.local|169.254/16|*.169.254/16"/>
    <property name="POM_GROUPID" value="SeleniumCucumber"/>
    <property name="user.home" value="/Users/mouli"/>
    <property name="BUILD_TAG" value="jenkins-CucumberfirstProject-20"/>
    <property name="JENKINS_SERVER_COOKIE" value="8ad98e32c84fcb46"/>
    <property name="XPC_SERVICE_NAME" value="homebrew.mxcl.jenkins-lts"/>
    <property name="HUDSON_URL" value="http://localhost:8080/"/>
    <property name="java.version.date" value="2021-04-20"/>
    <property name="java.specification.vendor" value="Oracle Corporation"/>
    <property name="CLASSPATH" value=""/>
    <property name="java.library.path" value="/Users/mouli/Library/Java/Extensions:/Library/Java/Extensions:/Network/Library/Java/Extensions:/System/Library/Java/Extensions:/usr/lib/java:."/>
    <property name="java.vendor.url" value="https://java.oracle.com/"/>
    <property name="java.vm.vendor" value="Oracle Corporation"/>
    <property name="JAVA_MAIN_CLASS_4638" value="Main"/>
    <property name="java.runtime.name" value="Java(TM) SE Runtime Environment"/>
    <property name="maven.home" value="/Users/mouli/.jenkins/tools/hudson.tasks.Maven_MavenInstallation/apache-maven-3.8.1"/>
    <property name="sun.java.command" value="jenkins.maven3.agent.Maven35Main /Users/mouli/.jenkins/tools/hudson.tasks.Maven_MavenInstallation/apache-maven-3.8.1 /Users/mouli/.jenkins/war/WEB-INF/lib/remoting-4.6.jar /Users/mouli/.jenkins/plugins/maven-plugin/WEB-INF/lib/maven35-interceptor-1.13.jar /Users/mouli/.jenkins/plugins/maven-plugin/WEB-INF/lib/maven3-interceptor-commons-1.13.jar 50109"/>
    <property name="java.class.path" value="/Users/mouli/.jenkins/plugins/maven-plugin/WEB-INF/lib/maven35-agent-1.13.jar:/Users/mouli/.jenkins/tools/hudson.tasks.Maven_MavenInstallation/apache-maven-3.8.1/boot/plexus-classworlds-2.6.0.jar:/Users/mouli/.jenkins/tools/hudson.tasks.Maven_MavenInstallation/apache-maven-3.8.1/conf/logging"/>
    <property name="jdk.debug" value="release"/>
    <property name="java.vm.specification.name" value="Java Virtual Machine Specification"/>
    <property name="java.vm.specification.version" value="16"/>
    <property name="M2_HOME" value="/Users/mouli/.jenkins/tools/hudson.tasks.Maven_MavenInstallation/apache-maven-3.8.1"/>
    <property name="sun.cpu.endian" value="little"/>
    <property name="java.io.tmpdir" value="/var/folders/z_/lfcjd5dx14b5thzx9pqpyhkm0000gn/T/"/>
    <property name="HUDSON_HOME" value="/Users/mouli/.jenkins"/>
    <property name="PATH+MAVEN" value="/Users/mouli/.jenkins/tools/hudson.tasks.Maven_MavenInstallation/apache-maven-3.8.1/bin"/>
    <property name="java.vendor.url.bug" value="https://bugreport.java.com/bugreport/"/>
    <property name="BUILD_URL" value="http://localhost:8080/job/CucumberfirstProject/20/"/>
    <property name="SSH_AUTH_SOCK" value="/private/tmp/com.apple.launchd.qofi22yxqZ/Listeners"/>
    <property name="os.arch" value="x86_64"/>
    <property name="__CF_USER_TEXT_ENCODING" value="0x1F5:0x0:0x0"/>
    <property name="user.dir" value="/Users/mouli/SeleniumCucumber"/>
    <property name="JOB_URL" value="http://localhost:8080/job/CucumberfirstProject/"/>
    <property name="MAVEN_HOME" value="/Users/mouli/.jenkins/tools/hudson.tasks.Maven_MavenInstallation/apache-maven-3.8.1"/>
    <property name="line.separator" value="
"/>
    <property name="java.vm.name" value="Java HotSpot(TM) 64-Bit Server VM"/>
    <property name="BUILD_NUMBER" value="20"/>
    <property name="JENKINS_URL" value="http://localhost:8080/"/>
    <property name="file.encoding" value="UTF-8"/>
    <property name="maven3.interceptor" value="/Users/mouli/.jenkins/plugins/maven-plugin/WEB-INF/lib/maven35-interceptor-1.13.jar"/>
    <property name="WORKSPACE_TMP" value="/Users/mouli/.jenkins/workspace/CucumberfirstProject@tmp"/>
    <property name="WORKSPACE" value="/Users/mouli/.jenkins/workspace/CucumberfirstProject"/>
    <property name="maven3.interceptor.common" value="/Users/mouli/.jenkins/plugins/maven-plugin/WEB-INF/lib/maven3-interceptor-commons-1.13.jar"/>
    <property name="java.specification.version" value="16"/>
    <property name="USER" value="mouli"/>
  </properties>
  <testcase classname="To test my java practice test" name="Java Practice" time="0.171"/>
</testsuite>